🚀 Deploying geo-maker...
Preparing function...
.done.
Deploying function...
[Build]............................................................................................................................................................................................................................................................................................................................................................................................................................done
[Service]......................................................................done
Done.
You can view your function in the Cloud Console here: https://console.cloud.google.com/functions/details/us-central1/geo-maker?project=wandern-project-startup

buildConfig:
  automaticUpdatePolicy: {}
  build: projects/1071951656531/locations/us-central1/builds/3eded70e-615e-4df0-a229-2d7dc0a2dd1c
  dockerRegistry: ARTIFACT_REGISTRY
  dockerRepository: projects/wandern-project-startup/locations/us-central1/repositories/gcf-artifacts
  entryPoint: process_echo
  runtime: python311
  serviceAccount: projects/wandern-project-startup/serviceAccounts/1071951656531-compute@developer.gserviceaccount.com
  source:
    storageSource:
      bucket: gcf-v2-sources-1071951656531-us-central1
      generation: '1767206030059318'
      object: geo-maker/function-source.zip
  sourceProvenance:
    resolvedStorageSource:
      bucket: gcf-v2-sources-1071951656531-us-central1
      generation: '1767206030059318'
      object: geo-maker/function-source.zip
createTime: '2025-12-31T18:33:50.254114035Z'
environment: GEN_2
labels:
  deployment-tool: cli-gcloud
name: projects/wandern-project-startup/locations/us-central1/functions/geo-maker
satisfiesPzi: true
serviceConfig:
  allTrafficOnLatestRevision: true
  availableCpu: '0.5833'
  availableMemory: 1G
  environmentVariables:
    GCS_BUCKET: wandern-geo-echoes
    LOG_EXECUTION_ID: 'true'
  ingressSettings: ALLOW_ALL
  maxInstanceRequestConcurrency: 1
  revision: geo-maker-00001-wuh
  service: projects/wandern-project-startup/locations/us-central1/services/geo-maker
  serviceAccountEmail: 1071951656531-compute@developer.gserviceaccount.com
  timeoutSeconds: 120
  uri: https://geo-maker-zdku5kri5a-uc.a.run.app
state: ACTIVE
updateTime: '2025-12-31T18:34:39.030753019Z'
url: https://us-central1-wandern-project-startup.cloudfunctions.net/geo-maker
✅ Deploy complete!
URL: https://us-central1-wandern-project-startup.cloudfunctions.net/geo-maker
